<?xml version="1.0" encoding="UTF-8"?>
<testsuite name="application.ParserTest" tests="5" skipped="0" failures="0" errors="0" timestamp="2022-01-05T16:35:56" hostname="DESKTOP-VSVHFIK" time="0.353">
  <properties/>
  <testcase name="Error should be thrown in larger files too" classname="application.ParserTest" time="0.129"/>
  <testcase name="Check if the correct exception is thrown }" classname="application.ParserTest" time="0.015"/>
  <testcase name="Check if the correct exception is thrown {" classname="application.ParserTest" time="0.006"/>
  <testcase name="[1] correct_sample.txt" classname="application.ParserTest" time="0.07"/>
  <testcase name="[2] larger_correct.txt" classname="application.ParserTest" time="0.018"/>
  <system-out><![CDATA[{
    {
        {
            {
                {
                    {
                        {
                            {
                                {

                                }
                            }
                        }
                    }

            }
        }
   }
}
{{}
{}}
{
    {
        {}
    }
}
3
3
{
    {
        {
            {
                {
                    {
                        {
                            {
                                {

                                }
                            }
                        }
                    }
                }
            }
        }
   }
}
9
9
]]></system-out>
  <system-err><![CDATA[]]></system-err>
</testsuite>
